0 info it worked if it ends with ok
1 verbose cli [ 'D:\\node\\nodejs\\node.exe',
1 verbose cli   'C:\\Users\\XY\\AppData\\Roaming\\npm\\node_modules\\npm\\bin\\npm-cli.js',
1 verbose cli   'run',
1 verbose cli   'start' ]
2 info using npm@4.0.5
3 info using node@v6.10.0
4 verbose run-script [ 'prestart', 'start', 'poststart' ]
5 info lifecycle react-route4@1.0.0~prestart: react-route4@1.0.0
6 silly lifecycle react-route4@1.0.0~prestart: no script for prestart, continuing
7 info lifecycle react-route4@1.0.0~start: react-route4@1.0.0
8 verbose lifecycle react-route4@1.0.0~start: unsafe-perm in lifecycle true
9 verbose lifecycle react-route4@1.0.0~start: PATH: C:\Users\XY\AppData\Roaming\npm\node_modules\npm\bin\node-gyp-bin;D:\NG\ReactRoute4\node_modules\.bin;C:\ProgramData\Oracle\Java\javapath;C:\Windows\system32;C:\Windows;C:\Windows\System32\Wbem;C:\Windows\System32\WindowsPowerShell\v1.0\;D:\Program Files\Java\jdk1.8.0_91\bin;D:\Program Files\Java\jdk1.8.0_91\jre\bin;D:\Program Files\python;C:\Program Files (x86)\Windows Kits\8.1\Windows Performance Toolkit\;C:\Program Files\Microsoft SQL Server\110\Tools\Binn\;D:\Android\sdk;D:\Android\sdk\tools;D:\Android\sdk\tools\git\bin;D:\Android\sdk\platform-tools;D:\RN;D:\Android\ndk-r11b;D:\Program Files (x86)\Git\cmd;C:\Users\XY\AppData\Roaming\npm;d:\Program Files (x86)\Microsoft VS Code\bin;D:\node\nvm;D:\node\nodejs;C:\Users\XY\AppData\Roaming\npm;d:\Program Files (x86)\Microsoft VS Code\bin
10 verbose lifecycle react-route4@1.0.0~start: CWD: D:\NG\ReactRoute4
11 silly lifecycle react-route4@1.0.0~start: Args: [ '/d /s /c', 'webpack-dev-server --open' ]
12 verbose stack Error: kill ENOSYS
12 verbose stack     at exports._errnoException (util.js:1022:11)
12 verbose stack     at process.kill (internal/process.js:172:13)
12 verbose stack     at process.listener (C:\Users\XY\AppData\Roaming\npm\node_modules\npm\node_modules\npmlog\node_modules\gauge\node_modules\signal-exit\index.js:86:15)
12 verbose stack     at emitNone (events.js:91:20)
12 verbose stack     at process.emit (events.js:185:7)
12 verbose stack     at processEmit (C:\Users\XY\AppData\Roaming\npm\node_modules\npm\node_modules\npmlog\node_modules\gauge\node_modules\signal-exit\index.js:146:32)
12 verbose stack     at processEmit (C:\Users\XY\AppData\Roaming\npm\node_modules\npm\node_modules\npm-registry-client\node_modules\npmlog\node_modules\gauge\node_modules\signal-exit\index.js:146:32)
12 verbose stack     at Signal.wrap.onsignal (internal/process.js:199:44)
13 verbose cwd D:\NG\ReactRoute4
14 error Windows_NT 6.1.7601
15 error argv "D:\\node\\nodejs\\node.exe" "C:\\Users\\XY\\AppData\\Roaming\\npm\\node_modules\\npm\\bin\\npm-cli.js" "run" "start"
16 error node v6.10.0
17 error npm  v4.0.5
18 error code ENOSYS
19 error errno ENOSYS
20 error syscall kill
21 error kill ENOSYS
22 error If you need help, you may report this error at:
22 error     <https://github.com/npm/npm/issues>
23 verbose exit [ 1, true ]
